<?xml version="1.0" encoding="UTF-8"?>
<!-- Generated by org.testng.reporters.JUnitReportReporter -->
<testsuite hostname="DESKTOP-37VK82G" failures="0" tests="1" name="testCases.TC_001Product_add_to_cart" time="4.497" errors="0" timestamp="2025-01-01T14:16:06 IST" skipped="0">
  <testcase classname="testCases.TC_001Product_add_to_cart" name="addToCartProducts" time="4.497"/>
  <system-out/>
</testsuite> <!-- testCases.TC_001Product_add_to_cart -->
